[31mCMake Error at /opt/ros/iron/share/rosidl_adapter/cmake/rosidl_adapt_interfaces.cmake:57 (message):
  execute_process(/usr/bin/python3.10 -m rosidl_adapter --package-name
  agrobot_msgs --arguments-file
  /home/tjacobs/ros2_ws/build/agrobot_msgs/rosidl_adapter__arguments__agrobot_msgs.json
  --output-dir
  /home/tjacobs/ros2_ws/build/agrobot_msgs/rosidl_adapter/agrobot_msgs
  --output-file
  /home/tjacobs/ros2_ws/build/agrobot_msgs/rosidl_adapter/agrobot_msgs.idls)
  returned error code 1:

  Error processing 'int64 crop y' of 'agrobot_msgs/VisionPublishClosestCrop':
  'value 'y' can not be converted to type 'int64': must be a valid integer
  value >= -9223372036854775808 and <= 9223372036854775807'

  Traceback (most recent call last):

    File "/opt/ros/iron/lib/python3.10/site-packages/rosidl_adapter/parser.py", line 753, in parse_primitive_value_string
      value = int(value_string)

  ValueError: invalid literal for int() with base 10: 'y'

  

  During handling of the above exception, another exception occurred:

  

  Traceback (most recent call last):

    File "/opt/ros/iron/lib/python3.10/site-packages/rosidl_adapter/parser.py", line 756, in parse_primitive_value_string
      value = int(value_string, 0)

  ValueError: invalid literal for int() with base 0: 'y'

  

  During handling of the above exception, another exception occurred:

  

  Traceback (most recent call last):

    File "/usr/lib/python3.10/runpy.py", line 196, in _run_module_as_main
      return _run_code(code, main_globals, None,
    File "/usr/lib/python3.10/runpy.py", line 86, in _run_code
      exec(code, run_globals)
    File "/opt/ros/iron/lib/python3.10/site-packages/rosidl_adapter/__main__.py", line 19, in <module>
      sys.exit(main())
    File "/opt/ros/iron/lib/python3.10/site-packages/rosidl_adapter/main.py", line 53, in main
      abs_idl_file = convert_to_idl(
    File "/opt/ros/iron/lib/python3.10/site-packages/rosidl_adapter/__init__.py", line 19, in convert_to_idl
      return convert_msg_to_idl(
    File "/opt/ros/iron/lib/python3.10/site-packages/rosidl_adapter/msg/__init__.py", line 28, in convert_msg_to_idl
      msg = parse_message_string(package_name, input_file.stem, content)
    File "/opt/ros/iron/lib/python3.10/site-packages/rosidl_adapter/parser.py", line 520, in parse_message_string
      fields.append(Field(
    File "/opt/ros/iron/lib/python3.10/site-packages/rosidl_adapter/parser.py", line 362, in __init__
      self.default_value = parse_value_string(
    File "/opt/ros/iron/lib/python3.10/site-packages/rosidl_adapter/parser.py", line 595, in parse_value_string
      return parse_primitive_value_string(type_, value_string)
    File "/opt/ros/iron/lib/python3.10/site-packages/rosidl_adapter/parser.py", line 758, in parse_primitive_value_string
      raise ex

  rosidl_adapter.parser.InvalidValue: value 'y' can not be converted to type
  'int64': must be a valid integer value >= -9223372036854775808 and <=
  9223372036854775807

Call Stack (most recent call first):
  /opt/ros/iron/share/rosidl_cmake/cmake/rosidl_generate_interfaces.cmake:132 (rosidl_adapt_interfaces)
  CMakeLists.txt:20 (rosidl_generate_interfaces)

[0m
gmake: *** [Makefile:815: cmake_check_build_system] Error 1
