[0.060s] Invoking command in '/home/tjacobs/ros2_ws/build/agrobot_msgs': CMAKE_PREFIX_PATH=${CMAKE_PREFIX_PATH}:/home/tjacobs/ros2_ws/install/my_package:/home/tjacobs/ros2_ws/install/agrobot_pkg:/opt/ros/iron /usr/bin/cmake --build /home/tjacobs/ros2_ws/build/agrobot_msgs -- -j8 -l8
[0.090s] -- Found ament_cmake: 2.0.3 (/opt/ros/iron/share/ament_cmake/cmake)
[0.212s] -- Found rosidl_default_generators: 1.5.0 (/opt/ros/iron/share/rosidl_default_generators/cmake)
[0.215s] -- Using all available rosidl_typesupport_c: rosidl_typesupport_fastrtps_c;rosidl_typesupport_introspection_c
[0.249s] -- Using all available rosidl_typesupport_cpp: rosidl_typesupport_fastrtps_cpp;rosidl_typesupport_introspection_cpp
[0.278s] -- Found rosidl_adapter: 4.0.1 (/opt/ros/iron/share/rosidl_adapter/cmake)
[0.412s] [31mCMake Error at /opt/ros/iron/share/rosidl_adapter/cmake/rosidl_adapt_interfaces.cmake:57 (message):
[0.412s]   execute_process(/usr/bin/python3.10 -m rosidl_adapter --package-name
[0.412s]   agrobot_msgs --arguments-file
[0.412s]   /home/tjacobs/ros2_ws/build/agrobot_msgs/rosidl_adapter__arguments__agrobot_msgs.json
[0.412s]   --output-dir
[0.412s]   /home/tjacobs/ros2_ws/build/agrobot_msgs/rosidl_adapter/agrobot_msgs
[0.412s]   --output-file
[0.412s]   /home/tjacobs/ros2_ws/build/agrobot_msgs/rosidl_adapter/agrobot_msgs.idls)
[0.412s]   returned error code 1:
[0.412s] 
[0.412s]   Error processing 'int64 crop y' of 'agrobot_msgs/VisionPublishClosestCrop':
[0.413s]   'value 'y' can not be converted to type 'int64': must be a valid integer
[0.413s]   value >= -9223372036854775808 and <= 9223372036854775807'
[0.413s] 
[0.413s]   Traceback (most recent call last):
[0.413s] 
[0.413s]     File "/opt/ros/iron/lib/python3.10/site-packages/rosidl_adapter/parser.py", line 753, in parse_primitive_value_string
[0.413s]       value = int(value_string)
[0.413s] 
[0.413s]   ValueError: invalid literal for int() with base 10: 'y'
[0.413s] 
[0.413s]   
[0.413s] 
[0.413s]   During handling of the above exception, another exception occurred:
[0.413s] 
[0.413s]   
[0.413s] 
[0.413s]   Traceback (most recent call last):
[0.413s] 
[0.413s]     File "/opt/ros/iron/lib/python3.10/site-packages/rosidl_adapter/parser.py", line 756, in parse_primitive_value_string
[0.413s]       value = int(value_string, 0)
[0.413s] 
[0.414s]   ValueError: invalid literal for int() with base 0: 'y'
[0.414s] 
[0.414s]   
[0.414s] 
[0.414s]   During handling of the above exception, another exception occurred:
[0.414s] 
[0.414s]   
[0.414s] 
[0.414s]   Traceback (most recent call last):
[0.414s] 
[0.414s]     File "/usr/lib/python3.10/runpy.py", line 196, in _run_module_as_main
[0.414s]       return _run_code(code, main_globals, None,
[0.414s]     File "/usr/lib/python3.10/runpy.py", line 86, in _run_code
[0.414s]       exec(code, run_globals)
[0.414s]     File "/opt/ros/iron/lib/python3.10/site-packages/rosidl_adapter/__main__.py", line 19, in <module>
[0.414s]       sys.exit(main())
[0.414s]     File "/opt/ros/iron/lib/python3.10/site-packages/rosidl_adapter/main.py", line 53, in main
[0.414s]       abs_idl_file = convert_to_idl(
[0.414s]     File "/opt/ros/iron/lib/python3.10/site-packages/rosidl_adapter/__init__.py", line 19, in convert_to_idl
[0.414s]       return convert_msg_to_idl(
[0.414s]     File "/opt/ros/iron/lib/python3.10/site-packages/rosidl_adapter/msg/__init__.py", line 28, in convert_msg_to_idl
[0.414s]       msg = parse_message_string(package_name, input_file.stem, content)
[0.415s]     File "/opt/ros/iron/lib/python3.10/site-packages/rosidl_adapter/parser.py", line 520, in parse_message_string
[0.415s]       fields.append(Field(
[0.415s]     File "/opt/ros/iron/lib/python3.10/site-packages/rosidl_adapter/parser.py", line 362, in __init__
[0.415s]       self.default_value = parse_value_string(
[0.415s]     File "/opt/ros/iron/lib/python3.10/site-packages/rosidl_adapter/parser.py", line 595, in parse_value_string
[0.415s]       return parse_primitive_value_string(type_, value_string)
[0.415s]     File "/opt/ros/iron/lib/python3.10/site-packages/rosidl_adapter/parser.py", line 758, in parse_primitive_value_string
[0.415s]       raise ex
[0.415s] 
[0.415s]   rosidl_adapter.parser.InvalidValue: value 'y' can not be converted to type
[0.415s]   'int64': must be a valid integer value >= -9223372036854775808 and <=
[0.415s]   9223372036854775807
[0.415s] 
[0.415s] Call Stack (most recent call first):
[0.415s]   /opt/ros/iron/share/rosidl_cmake/cmake/rosidl_generate_interfaces.cmake:132 (rosidl_adapt_interfaces)
[0.415s]   CMakeLists.txt:16 (rosidl_generate_interfaces)
[0.415s] 
[0.415s] [0m
[0.416s] -- Configuring incomplete, errors occurred!
[0.416s] See also "/home/tjacobs/ros2_ws/build/agrobot_msgs/CMakeFiles/CMakeOutput.log".
[0.416s] gmake: *** [Makefile:815: cmake_check_build_system] Error 1
[0.417s] Invoked command in '/home/tjacobs/ros2_ws/build/agrobot_msgs' returned '2': CMAKE_PREFIX_PATH=${CMAKE_PREFIX_PATH}:/home/tjacobs/ros2_ws/install/my_package:/home/tjacobs/ros2_ws/install/agrobot_pkg:/opt/ros/iron /usr/bin/cmake --build /home/tjacobs/ros2_ws/build/agrobot_msgs -- -j8 -l8
